{
  "RSpec": {
    "coverage": {
      "/home/rachid/tic-tac-toe-rb-bootcamp-prep-000/lib/tic_tac_toe.rb": [
        null,
        1,
        null,
        null,
        null,
        null,
        null,
        null,
        null,
        null,
        null,
        1,
        4,
        4,
        4,
        4,
        4,
        null,
        null,
        1,
        6,
        null,
        null,
        1,
        5,
        null,
        null,
        1,
        22,
        null,
        null,
        1,
        6,
        null,
        null,
        1,
        3,
        3,
        3,
        3,
        2,
        2,
        null,
        1,
        null,
        null,
        null,
        null,
        1,
        0,
        0,
        0,
        0,
        null,
        null,
        null,
        null,
        1,
        4,
        4,
        36,
        5,
        null,
        null,
        4,
        null,
        null,
        1,
        3,
        3,
        0,
        null,
        null,
        null,
        1,
        21,
        146,
        146,
        146,
        null,
        146,
        146,
        146,
        null,
        146,
        12,
        null,
        null,
        9,
        null,
        null,
        1,
        49,
        null,
        null,
        1,
        8,
        3,
        0,
        0,
        5,
        5,
        null,
        null,
        null,
        1,
        3,
        2,
        null,
        1,
        null,
        null,
        null,
        1,
        3,
        2,
        null,
        null
      ]
    },
    "timestamp": 1607167569
  }
}
