{
  "RSpec": {
    "coverage": {
      "/home/rachid/tic-tac-toe-rb-bootcamp-prep-000/lib/tic_tac_toe.rb": [
        null,
        1,
        null,
        null,
        null,
        null,
        null,
        null,
        null,
        null,
        null,
        1,
        23,
        23,
        23,
        23,
        23,
        null,
        null,
        1,
        47680,
        null,
        null,
        1,
        23,
        null,
        null,
        1,
        47542,
        null,
        null,
        1,
        47680,
        null,
        null,
        1,
        47690,
        47684,
        47680,
        47680,
        23,
        23,
        null,
        47657,
        null,
        null,
        null,
        null,
        1,
        12,
        12,
        35,
        23,
        null,
        null,
        null,
        null,
        1,
        23,
        23,
        207,
        40,
        null,
        null,
        23,
        null,
        null,
        1,
        23,
        15,
        8,
        null,
        null,
        null,
        1,
        0,
        0,
        0,
        0,
        null,
        0,
        0,
        0,
        null,
        0,
        0,
        null,
        null,
        0,
        null,
        null,
        1,
        0,
        null,
        null,
        1,
        0,
        0,
        0,
        0,
        0,
        0,
        null,
        null,
        null,
        1,
        0,
        0,
        null,
        0,
        null,
        null,
        null,
        1,
        0,
        0,
        null,
        null
      ]
    },
    "timestamp": 1607167607
  }
}
